<?xml version="1.0" encoding="UTF-8"?>
<!-- Generated by org.testng.reporters.JUnitReportReporter -->
<testsuite hostname="DESKTOP-DE9E172" failures="0" tests="1" name="tests.BaseClass" time="0.006" errors="0" timestamp="2023-07-12T15:57:41 ART" skipped="0">
  <testcase classname="tests.BaseClass" name="sampleTest" time="0.006"/>
</testsuite> <!-- tests.BaseClass -->
